/*C3*/SET SCHEMA PUBLIC
CREATE TABLE IF NOT EXISTS LOJAS  (   ID BIGINT IDENTITY PRIMARY KEY,  NOME VARCHAR(255), EMAIL VARCHAR(255), LOGIN VARCHAR(255), SENHA VARCHAR(255), BAIRRO VARCHAR(255) )
CREATE TABLE IF NOT EXISTS USUARIO  (   ID BIGINT IDENTITY PRIMARY KEY,  NOME VARCHAR(255), EMAIL VARCHAR(255), LOGIN VARCHAR(255), SENHA VARCHAR(255), BAIRRO VARCHAR(255) )
CREATE TABLE IF NOT EXISTS PRODUTO  (   ID BIGINT IDENTITY PRIMARY KEY,  NOME VARCHAR(255), CONTEUDO VARCHAR(255), GRAMAS VARCHAR(255), PRECO VARCHAR(255), ID_LOJA INT NOT NULL,  FOREIGN KEY (ID_LOJA) REFERENCES LOJAS(ID))
INSERT INTO PRODUTO VALUES(3,'tewsad','sad','asda','asd',3)
COMMIT
DELETE FROM PRODUTO WHERE ID=3
COMMIT
INSERT INTO PRODUTO VALUES(4,'ok','asd','asd','asd',3)
COMMIT
DELETE FROM PRODUTO WHERE ID=4
COMMIT
INSERT INTO PRODUTO VALUES(5,'asd','asd','asd','asd',3)
COMMIT
INSERT INTO PRODUTO VALUES(6,'asdds','saddas','dsa','dasda',1)
COMMIT
DELETE FROM PRODUTO WHERE ID=6
COMMIT
INSERT INTO PRODUTO VALUES(7,'adssa','dasd','asda','sdasd',1)
COMMIT
DELETE FROM PRODUTO WHERE ID=7
COMMIT
INSERT INTO PRODUTO VALUES(8,'asd','asd','asd','sdasd',1)
COMMIT
DELETE FROM PRODUTO WHERE ID=5
COMMIT
INSERT INTO PRODUTO VALUES(9,'A\u00e7a\u00ed de Banana','A\u00e7a\u00ed, Banana','500 g','R$ 20,00',3)
COMMIT
DELETE FROM PRODUTO WHERE ID=8
INSERT INTO PRODUTO VALUES(8,'A\u00e7a\u00ed de Morango','A\u00e7a\u00ed, Morango','300 g','R$ 13,00',1)
COMMIT
